\BOOKMARK [1][-]{section.1}{\376\377\000C\000e\000l\000\040\000z\000a\000d\000a\000n\000i\000a}{}% 1
\BOOKMARK [1][-]{section.2}{\376\377\000O\000p\000i\000s\000\040\000z\000a\000p\000r\000o\000p\000o\000n\000o\000w\000a\000n\000y\000c\000h\000\040\000K\000l\000a\000s\000y\000f\000i\000k\000a\000t\000o\000r\000\363\000w}{}% 2
\BOOKMARK [2][-]{subsection.2.1}{\376\377\000M\000e\000t\000o\000d\000y\000\040\000k\000l\000a\000s\000y\000f\000i\000k\000a\000c\000y\000j\000n\000e}{section.2}% 3
\BOOKMARK [3][-]{subsubsection.2.1.1}{\376\377\000K\000-\000n\000n}{subsection.2.1}% 4
\BOOKMARK [3][-]{subsubsection.2.1.2}{\376\377\000K\000l\000a\000s\000y\000f\000i\000k\000a\000t\000o\000r\000\040\000b\000a\000y\000s\000o\000w\000s\000k\000i}{subsection.2.1}% 5
\BOOKMARK [3][-]{subsubsection.2.1.3}{\376\377\000D\000r\000z\000e\000w\000a\000\040\000d\000e\000c\000y\000z\000y\000j\000n\000e}{subsection.2.1}% 6
\BOOKMARK [3][-]{subsubsection.2.1.4}{\376\377\000L\000a\000s\000y\000\040\000l\000o\000s\000o\000w\000e}{subsection.2.1}% 7
\BOOKMARK [3][-]{subsubsection.2.1.5}{\376\377\000S\000V\000M}{subsection.2.1}% 8
\BOOKMARK [3][-]{subsubsection.2.1.6}{\376\377\000P\000e\000r\000c\000e\000p\000t\000r\000o\000n\000\040\000W\000i\000e\000l\000o\000w\000a\000r\000s\000t\000w\000o\000w\000y\000\040\000\050\000M\000L\000P\000\051}{subsection.2.1}% 9
\BOOKMARK [1][-]{section.3}{\376\377\000C\000h\000a\000r\000a\000k\000t\000e\000r\000y\000s\000t\000y\000k\000a\000\040\000w\000y\000b\000r\000a\000n\000y\000c\000h\000\040\000d\000o\000\040\000d\000a\000n\000y\000c\000h}{}% 10
\BOOKMARK [1][-]{section.4}{\376\377\000E\000k\000s\000p\000e\000r\000y\000m\000e\000n\000t\000y\000\040\000i\000\040\000w\000y\000n\000i\000k\000i}{}% 11
\BOOKMARK [2][-]{subsection.4.1}{\376\377\000E\000k\000s\000p\000e\000r\000y\000m\000e\000n\000t\000\040\000n\000r\000\040\0001}{section.4}% 12
\BOOKMARK [3][-]{subsubsection.4.1.1}{\376\377\000Z\000a\001\102\000o\001\174\000e\000n\000i\000a}{subsection.4.1}% 13
\BOOKMARK [3][-]{subsubsection.4.1.2}{\376\377\000R\000e\000z\000u\000l\000t\000a\000t\000\040\000K\000-\000n\000n}{subsection.4.1}% 14
\BOOKMARK [3][-]{subsubsection.4.1.3}{\376\377\000R\000e\000z\000u\000l\000t\000a\000t\000\040\000R\000F}{subsection.4.1}% 15
\BOOKMARK [2][-]{subsection.4.2}{\376\377\000E\000k\000s\000p\000e\000r\000y\000m\000e\000n\000t\000\040\000n\000r\000\040\0002}{section.4}% 16
\BOOKMARK [3][-]{subsubsection.4.2.1}{\376\377\000R\000e\000z\000u\000l\000t\000a\000t\000\040\000K\000-\000n\000n\000\040\000+\000\040\000R\000F\000\040\000+\000\040\000D\000T}{subsection.4.2}% 17
\BOOKMARK [3][-]{subsubsection.4.2.2}{\376\377\000R\000e\000z\000u\000l\000t\000a\000t\000\040\000K\000-\000n\000n\000\040\000+\000\040\000R\000F\000\040\000+\000\040\000N\000B}{subsection.4.2}% 18
\BOOKMARK [3][-]{subsubsection.4.2.3}{\376\377\000R\000e\000z\000u\000l\000t\000a\000t\000\040\000D\000T\000\040\000+\000\040\000S\000V\000C\000\040\000+\000\040\000M\000L\000P}{subsection.4.2}% 19
\BOOKMARK [2][-]{subsection.4.3}{\376\377\000E\000k\000s\000p\000e\000r\000y\000m\000e\000n\000t\000\040\000n\000r\000\040\0003}{section.4}% 20
\BOOKMARK [3][-]{subsubsection.4.3.1}{\376\377\000R\000e\000z\000u\000l\000t\000a\000t\000\040\000M\000L\000P}{subsection.4.3}% 21
\BOOKMARK [1][-]{section.5}{\376\377\000W\000n\000i\000o\000s\000k\000i}{}% 22
