This is pdfTeX, Version 3.141592653-2.6-1.40.22 (MiKTeX 21.2) (preloaded format=pdflatex 2024.10.13)  11 NOV 2024 18:57
entering extended mode
**e:/detekcja/AZDzDW/Sprawozdanie/Zadanie3.tex
(e:/detekcja/AZDzDW/Sprawozdanie/Zadanie3.tex
LaTeX2e <2020-10-01> patch level 4
L3 programming layer <2021-02-18> xparse <2020-03-03> (E:\MikTeX\tex/latex/base\article.cls
Document Class: article 2020/04/10 v1.4m Standard LaTeX document class
(E:\MikTeX\tex/latex/base\size12.clo
File: size12.clo 2020/04/10 v1.4m Standard LaTeX file (size option)
)
\c@part=\count179
\c@section=\count180
\c@subsection=\count181
\c@subsubsection=\count182
\c@paragraph=\count183
\c@subparagraph=\count184
\c@figure=\count185
\c@table=\count186
\abovecaptionskip=\skip47
\belowcaptionskip=\skip48
\bibindent=\dimen138
) (E:\MikTeX\tex/latex/base\fontenc.sty
Package: fontenc 2020/08/10 v2.0s Standard LaTeX package
) (E:\MikTeX\tex/latex/polski\polski.sty
Package: polski 2021/08/25 v1.3.6 Polish language package
) (E:\MikTeX\tex/latex/base\inputenc.sty
Package: inputenc 2020/08/01 v1.3d Input encoding file
\inpenc@prehook=\toks15
\inpenc@posthook=\toks16
 (E:\MikTeX\tex/latex/base\cp1250.def
File: cp1250.def 2020/08/01 v1.3d Input encoding file
)) (E:\MikTeX\tex/latex/hyperref\hyperref.sty
Package: hyperref 2021-02-10 v7.00j Hypertext links for LaTeX
 (E:\MikTeX\tex/generic/ltxcmds\ltxcmds.sty
Package: ltxcmds 2020-05-10 v1.25 LaTeX kernel commands for general use (HO)
) (E:\MikTeX\tex/generic/iftex\iftex.sty
Package: iftex 2020/03/06 v1.0d TeX engine tests
) (E:\MikTeX\tex/generic/pdftexcmds\pdftexcmds.sty
Package: pdftexcmds 2020-06-27 v0.33 Utility functions of pdfTeX for LuaTeX (HO)
 (E:\MikTeX\tex/generic/infwarerr\infwarerr.sty
Package: infwarerr 2019/12/03 v1.5 Providing info/warning/error messages (HO)
)
Package pdftexcmds Info: \pdf@primitive is available.
Package pdftexcmds Info: \pdf@ifprimitive is available.
Package pdftexcmds Info: \pdfdraftmode found.
) (E:\MikTeX\tex/latex/graphics\keyval.sty
Package: keyval 2014/10/28 v1.15 key=value parser (DPC)
\KV@toks@=\toks17
) (E:\MikTeX\tex/generic/kvsetkeys\kvsetkeys.sty
Package: kvsetkeys 2019/12/15 v1.18 Key value parser (HO)
) (E:\MikTeX\tex/generic/kvdefinekeys\kvdefinekeys.sty
Package: kvdefinekeys 2019-12-19 v1.6 Define keys (HO)
) (E:\MikTeX\tex/generic/pdfescape\pdfescape.sty
Package: pdfescape 2019/12/09 v1.15 Implements pdfTeX's escape features (HO)
) (E:\MikTeX\tex/latex/hycolor\hycolor.sty
Package: hycolor 2020-01-27 v1.10 Color options for hyperref/bookmark (HO)
) (E:\MikTeX\tex/latex/letltxmacro\letltxmacro.sty
Package: letltxmacro 2019/12/03 v1.6 Let assignment for LaTeX macros (HO)
) (E:\MikTeX\tex/latex/auxhook\auxhook.sty
Package: auxhook 2019-12-17 v1.6 Hooks for auxiliary files (HO)
) (E:\MikTeX\tex/latex/kvoptions\kvoptions.sty
Package: kvoptions 2020-10-07 v3.14 Key value format for package options (HO)
)
\@linkdim=\dimen139
\Hy@linkcounter=\count187
\Hy@pagecounter=\count188
 (E:\MikTeX\tex/latex/hyperref\pd1enc.def
File: pd1enc.def 2021-02-10 v7.00j Hyperref: PDFDocEncoding definition (HO)
Now handling font encoding PD1 ...
... no UTF-8 mapping file for font encoding PD1
) (E:\MikTeX\tex/latex/hyperref\hyperref-langpatches.def
File: hyperref-langpatches.def 2021-02-10 v7.00j Hyperref: patches for babel languages
) (E:\MikTeX\tex/generic/intcalc\intcalc.sty
Package: intcalc 2019/12/15 v1.3 Expandable calculations with integers (HO)
) (E:\MikTeX\tex/generic/etexcmds\etexcmds.sty
Package: etexcmds 2019/12/15 v1.7 Avoid name clashes with e-TeX commands (HO)
)
\Hy@SavedSpaceFactor=\count189
 (E:\MikTeX\tex/latex/hyperref\puenc.def
File: puenc.def 2021-02-10 v7.00j Hyperref: PDF Unicode definition (HO)
Now handling font encoding PU ...
... no UTF-8 mapping file for font encoding PU
)
Package hyperref Info: Hyper figures OFF on input line 4192.
Package hyperref Info: Link nesting OFF on input line 4197.
Package hyperref Info: Hyper index ON on input line 4200.
Package hyperref Info: Plain pages OFF on input line 4207.
Package hyperref Info: Backreferencing OFF on input line 4212.
Package hyperref Info: Implicit mode ON; LaTeX internals redefined.
Package hyperref Info: Bookmarks ON on input line 4445.
\c@Hy@tempcnt=\count190
 (E:\MikTeX\tex/latex/url\url.sty
\Urlmuskip=\muskip16
Package: url 2013/09/16  ver 3.4  Verb mode for urls, etc.
)
LaTeX Info: Redefining \url on input line 4804.
\XeTeXLinkMargin=\dimen140
 (E:\MikTeX\tex/generic/bitset\bitset.sty
Package: bitset 2019/12/09 v1.3 Handle bit-vector datatype (HO)
 (E:\MikTeX\tex/generic/bigintcalc\bigintcalc.sty
Package: bigintcalc 2019/12/15 v1.5 Expandable calculations on big integers (HO)
))
\Fld@menulength=\count191
\Field@Width=\dimen141
\Fld@charsize=\dimen142
Package hyperref Info: Hyper figures OFF on input line 6075.
Package hyperref Info: Link nesting OFF on input line 6080.
Package hyperref Info: Hyper index ON on input line 6083.
Package hyperref Info: backreferencing OFF on input line 6090.
Package hyperref Info: Link coloring OFF on input line 6095.
Package hyperref Info: Link coloring with OCG OFF on input line 6100.
Package hyperref Info: PDF/A mode OFF on input line 6105.
LaTeX Info: Redefining \ref on input line 6145.
LaTeX Info: Redefining \pageref on input line 6149.
 (E:\MikTeX\tex/latex/base\atbegshi-ltx.sty
Package: atbegshi-ltx 2020/08/17 v1.0a Emulation of the original atbegshi package
with kernel methods
)
\Hy@abspage=\count192
\c@Item=\count193
\c@Hfootnote=\count194
)
Package hyperref Info: Driver (autodetected): hpdftex.
 (E:\MikTeX\tex/latex/hyperref\hpdftex.def
File: hpdftex.def 2021-02-10 v7.00j Hyperref driver for pdfTeX
 (E:\MikTeX\tex/latex/base\atveryend-ltx.sty
Package: atveryend-ltx 2020/08/19 v1.0a Emulation of the original atvery package
with kernel methods
)
\Fld@listcount=\count195
\c@bookmark@seq@number=\count196
 (E:\MikTeX\tex/latex/rerunfilecheck\rerunfilecheck.sty
Package: rerunfilecheck 2019/12/05 v1.9 Rerun checks for auxiliary files (HO)
 (E:\MikTeX\tex/generic/uniquecounter\uniquecounter.sty
Package: uniquecounter 2019/12/15 v1.4 Provide unlimited unique counter (HO)
)
Package uniquecounter Info: New unique counter `rerunfilecheck' on input line 286.
)
\Hy@SectionHShift=\skip49
) (E:\MikTeX\tex/latex/graphics\graphicx.sty
Package: graphicx 2020/09/09 v1.2b Enhanced LaTeX Graphics (DPC,SPQR)
 (E:\MikTeX\tex/latex/graphics\graphics.sty
Package: graphics 2020/08/30 v1.4c Standard LaTeX Graphics (DPC,SPQR)
 (E:\MikTeX\tex/latex/graphics\trig.sty
Package: trig 2016/01/03 v1.10 sin cos tan (DPC)
) (E:\MikTeX\tex/latex/graphics-cfg\graphics.cfg
File: graphics.cfg 2016/06/04 v1.11 sample graphics configuration
)
Package graphics Info: Driver file: pdftex.def on input line 105.
 (E:\MikTeX\tex/latex/graphics-def\pdftex.def
File: pdftex.def 2020/10/05 v1.2a Graphics/color driver for pdftex
))
\Gin@req@height=\dimen143
\Gin@req@width=\dimen144
) (E:\MikTeX\tex/latex/float\float.sty
Package: float 2001/11/08 v1.3d Float enhancements (AL)
\c@float@type=\count197
\float@exts=\toks18
\float@box=\box47
\@float@everytoks=\toks19
\@floatcapt=\box48
) (E:\MikTeX\tex/latex/amsfonts\amsfonts.sty
Package: amsfonts 2013/01/14 v3.01 Basic AMSFonts support
\@emptytoks=\toks20
\symAMSa=\mathgroup4
\symAMSb=\mathgroup5
LaTeX Font Info:    Redeclaring math symbol \hbar on input line 98.
LaTeX Font Info:    Overwriting math alphabet `\mathfrak' in version `bold'
(Font)                  U/euf/m/n --> U/euf/b/n on input line 106.
) (E:\MikTeX\tex/latex/geometry\geometry.sty
Package: geometry 2020/01/02 v5.9 Page Geometry
 (E:\MikTeX\tex/generic/iftex\ifvtex.sty
Package: ifvtex 2019/10/25 v1.7 ifvtex legacy package. Use iftex instead.
)
\Gm@cnth=\count198
\Gm@cntv=\count199
\c@Gm@tempcnt=\count266
\Gm@bindingoffset=\dimen145
\Gm@wd@mp=\dimen146
\Gm@odd@mp=\dimen147
\Gm@even@mp=\dimen148
\Gm@layoutwidth=\dimen149
\Gm@layoutheight=\dimen150
\Gm@layouthoffset=\dimen151
\Gm@layoutvoffset=\dimen152
\Gm@dimlist=\toks21
 (E:\MikTeX\tex/latex/geometry\geometry.cfg)) (E:\MikTeX\tex/latex/l3backend\l3backend-pdftex.def
File: l3backend-pdftex.def 2021-02-18 L3 backend support: PDF output (pdfTeX)
\l__color_backend_stack_int=\count267
\l__pdf_internal_box=\box49
) (Zadanie3.aux)
\openout1 = `Zadanie3.aux'.

LaTeX Font Info:    Checking defaults for OML/cmm/m/it on input line 17.
LaTeX Font Info:    ... okay on input line 17.
LaTeX Font Info:    Checking defaults for OMS/cmsy/m/n on input line 17.
LaTeX Font Info:    ... okay on input line 17.
LaTeX Font Info:    Checking defaults for OT1/cmr/m/n on input line 17.
LaTeX Font Info:    ... okay on input line 17.
LaTeX Font Info:    Checking defaults for T1/cmr/m/n on input line 17.
LaTeX Font Info:    ... okay on input line 17.
LaTeX Font Info:    Checking defaults for TS1/cmr/m/n on input line 17.
LaTeX Font Info:    ... okay on input line 17.
LaTeX Font Info:    Checking defaults for OMX/cmex/m/n on input line 17.
LaTeX Font Info:    ... okay on input line 17.
LaTeX Font Info:    Checking defaults for U/cmr/m/n on input line 17.
LaTeX Font Info:    ... okay on input line 17.
LaTeX Font Info:    Checking defaults for PD1/pdf/m/n on input line 17.
LaTeX Font Info:    ... okay on input line 17.
LaTeX Font Info:    Checking defaults for PU/pdf/m/n on input line 17.
LaTeX Font Info:    ... okay on input line 17.
Package hyperref Info: Link coloring OFF on input line 17.
 (E:\MikTeX\tex/latex/hyperref\nameref.sty
Package: nameref 2021-04-02 v2.47 Cross-referencing by name of section
 (E:\MikTeX\tex/latex/refcount\refcount.sty
Package: refcount 2019/12/15 v3.6 Data extraction from label references (HO)
) (E:\MikTeX\tex/generic/gettitlestring\gettitlestring.sty
Package: gettitlestring 2019/12/15 v1.6 Cleanup title references (HO)
)
\c@section@level=\count268
)
LaTeX Info: Redefining \ref on input line 17.
LaTeX Info: Redefining \pageref on input line 17.
LaTeX Info: Redefining \nameref on input line 17.
 (Zadanie3.out) (Zadanie3.out)
\@outlinefile=\write3
\openout3 = `Zadanie3.out'.

 (E:\MikTeX\tex/context/base/mkii\supp-pdf.mkii
[Loading MPS to PDF converter (version 2006.09.02).]
\scratchcounter=\count269
\scratchdimen=\dimen153
\scratchbox=\box50
\nofMPsegments=\count270
\nofMParguments=\count271
\everyMPshowfont=\toks22
\MPscratchCnt=\count272
\MPscratchDim=\dimen154
\MPnumerator=\count273
\makeMPintoPDFobject=\count274
\everyMPtoPDFconversion=\toks23
) (E:\MikTeX\tex/latex/epstopdf-pkg\epstopdf-base.sty
Package: epstopdf-base 2020-01-24 v2.11 Base part for package epstopdf
Package epstopdf-base Info: Redefining graphics rule for `.eps' on input line 485.
)
*geometry* driver: auto-detecting
*geometry* detected driver: pdftex
*geometry* verbose mode - [ preamble ] result:
* driver: pdftex
* paper: <default>
* layout: <same size as paper>
* layoutoffset:(h,v)=(0.0pt,0.0pt)
* modes: 
* h-part:(L,W,R)=(42.67912pt, 514.71037pt, 56.9055pt)
* v-part:(T,H,B)=(95.39737pt, 556.47656pt, 143.09605pt)
* \paperwidth=614.295pt
* \paperheight=794.96999pt
* \textwidth=514.71037pt
* \textheight=597.50787pt
* \oddsidemargin=-29.59087pt
* \evensidemargin=-29.59087pt
* \topmargin=-13.87262pt
* \headheight=12.0pt
* \headsep=25.0pt
* \topskip=12.0pt
* \footskip=30.0pt
* \marginparwidth=44.0pt
* \marginparsep=10.0pt
* \columnsep=10.0pt
* \skip\footins=10.8pt plus 4.0pt minus 2.0pt
* \hoffset=0.0pt
* \voffset=0.0pt
* \mag=1000
* \@twocolumnfalse
* \@twosidefalse
* \@mparswitchfalse
* \@reversemarginfalse
* (1in=72.27pt=25.4mm, 1cm=28.453pt)

LaTeX Font Info:    Trying to load font information for U+msa on input line 19.
(E:\MikTeX\tex/latex/amsfonts\umsa.fd
File: umsa.fd 2013/01/14 v3.01 AMS symbols A
)
LaTeX Font Info:    Trying to load font information for U+msb on input line 19.
 (E:\MikTeX\tex/latex/amsfonts\umsb.fd
File: umsb.fd 2013/01/14 v3.01 AMS symbols B
) [1


{C:/Users/Admin/AppData/Local/MiKTeX/pdftex/config/pdftex.map}]
LaTeX Font Info:    Trying to load font information for T1+cmtt on input line 34.
 (E:\MikTeX\tex/latex/base\t1cmtt.fd
File: t1cmtt.fd 2019/12/16 v2.5j Standard LaTeX font definitions
)pdfTeX warning (ext4): destination with the same identifier (name{page.1}) has been already used, duplicate ignored
<to be read again> 
                   \relax 
l.46 \newpage
              [1] [2]
Underfull \hbox (badness 10000) in paragraph at lines 61--66

 []

<DBSCAN1.png, id=90, 1032.85875pt x 936.49875pt>
File: DBSCAN1.png Graphic file (type png)
<use DBSCAN1.png>
Package pdftex.def Info: DBSCAN1.png  used on input line 77.
(pdftex.def)             Requested size: 455.24408pt x 412.7752pt.
<LOF1.png, id=91, 1000.73875pt x 936.49875pt>
File: LOF1.png Graphic file (type png)
<use LOF1.png>
Package pdftex.def Info: LOF1.png  used on input line 84.
(pdftex.def)             Requested size: 455.24408pt x 426.02185pt.
[3]
<COF1.png, id=99, 1041.8925pt x 514.92375pt>
File: COF1.png Graphic file (type png)
<use COF1.png>
Package pdftex.def Info: COF1.png  used on input line 91.
(pdftex.def)             Requested size: 455.24408pt x 224.98787pt.
 [4pdfTeX warning (ext4): destination with the same identifier (name{figure.1}) has been already used, duplicate ignored
<argument> ...shipout:D \box_use:N \l_shipout_box 
                                                  
l.95 \end{figure}
                  <./DBSCAN1.png>]
<LUNAR1.png, id=105, 1012.78375pt x 936.49875pt>
File: LUNAR1.png Graphic file (type png)
<use LUNAR1.png>
Package pdftex.def Info: LUNAR1.png  used on input line 98.
(pdftex.def)             Requested size: 455.24408pt x 420.94897pt.
 [5pdfTeX warning (ext4): destination with the same identifier (name{figure.2}) has been already used, duplicate ignored
<argument> ...shipout:D \box_use:N \l_shipout_box 
                                                  
l.102 \end{figure}
                   <./LOF1.png>] [6pdfTeX warning (ext4): destination with the same identifier (name{figure.3}) has been already used, duplicate ignored
<argument> ...shipout:D \box_use:N \l_shipout_box 
                                                  
l.103 
       <./COF1.png>] [7pdfTeX warning (ext4): destination with the same identifier (name{figure.4}) has been already used, duplicate ignored
<argument> ...shipout:D \box_use:N \l_shipout_box 
                                                  
l.107 \newpage
               <./LUNAR1.png>]
<DBSCAN2.png, id=122, 1032.85875pt x 936.49875pt>
File: DBSCAN2.png Graphic file (type png)
<use DBSCAN2.png>
Package pdftex.def Info: DBSCAN2.png  used on input line 113.
(pdftex.def)             Requested size: 455.24408pt x 412.7752pt.
<LOF2.png, id=123, 1000.73875pt x 936.49875pt>
File: LOF2.png Graphic file (type png)
<use LOF2.png>
Package pdftex.def Info: LOF2.png  used on input line 120.
(pdftex.def)             Requested size: 455.24408pt x 426.02185pt.
<COF2.png, id=124, 1041.8925pt x 514.92375pt>
File: COF2.png Graphic file (type png)
<use COF2.png>
Package pdftex.def Info: COF2.png  used on input line 127.
(pdftex.def)             Requested size: 455.24408pt x 224.98787pt.
 [8pdfTeX warning (ext4): destination with the same identifier (name{figure.5}) has been already used, duplicate ignored
<argument> ...shipout:D \box_use:N \l_shipout_box 
                                                  
l.131 \end{figure}
                   <./DBSCAN2.png>]
<LUNAR2.png, id=130, 1012.78375pt x 936.49875pt>
File: LUNAR2.png Graphic file (type png)
<use LUNAR2.png>
Package pdftex.def Info: LUNAR2.png  used on input line 134.
(pdftex.def)             Requested size: 455.24408pt x 420.94897pt.
 [9pdfTeX warning (ext4): destination with the same identifier (name{figure.6}) has been already used, duplicate ignored
<argument> ...shipout:D \box_use:N \l_shipout_box 
                                                  
l.138 \end{figure}
                   <./LOF2.png>] [10pdfTeX warning (ext4): destination with the same identifier (name{figure.7}) has been already used, duplicate ignored
<argument> ...shipout:D \box_use:N \l_shipout_box 
                                                  
l.139 
       <./COF2.png>] [11pdfTeX warning (ext4): destination with the same identifier (name{figure.8}) has been already used, duplicate ignored
<argument> ...shipout:D \box_use:N \l_shipout_box 
                                                  
l.140 \newpage
               <./LUNAR2.png>]
<DBSCAN3.png, id=146, 1032.85875pt x 936.49875pt>
File: DBSCAN3.png Graphic file (type png)
<use DBSCAN3.png>
Package pdftex.def Info: DBSCAN3.png  used on input line 145.
(pdftex.def)             Requested size: 455.24408pt x 412.7752pt.
<LOF3.png, id=147, 1008.76875pt x 936.49875pt>
File: LOF3.png Graphic file (type png)
<use LOF3.png>
Package pdftex.def Info: LOF3.png  used on input line 152.
(pdftex.def)             Requested size: 455.24408pt x 422.63518pt.
<COF3.png, id=148, 1041.8925pt x 514.92375pt>
File: COF3.png Graphic file (type png)
<use COF3.png>
Package pdftex.def Info: COF3.png  used on input line 159.
(pdftex.def)             Requested size: 455.24408pt x 224.98787pt.
 [12pdfTeX warning (ext4): destination with the same identifier (name{figure.9}) has been already used, duplicate ignored
<argument> ...shipout:D \box_use:N \l_shipout_box 
                                                  
l.163 \end{figure}
                   <./DBSCAN3.png>]
<LUNAR3.png, id=155, 1012.78375pt x 936.49875pt>
File: LUNAR3.png Graphic file (type png)
<use LUNAR3.png>
Package pdftex.def Info: LUNAR3.png  used on input line 166.
(pdftex.def)             Requested size: 455.24408pt x 420.94897pt.
 [13pdfTeX warning (ext4): destination with the same identifier (name{figure.10}) has been already used, duplicate ignored
<argument> ...shipout:D \box_use:N \l_shipout_box 
                                                  
l.170 \end{figure}
                   <./LOF3.png>] [14pdfTeX warning (ext4): destination with the same identifier (name{figure.11}) has been already used, duplicate ignored
<argument> ...shipout:D \box_use:N \l_shipout_box 
                                                  
l.171 
       <./COF3.png>] [15pdfTeX warning (ext4): destination with the same identifier (name{figure.12}) has been already used, duplicate ignored
<argument> ...shipout:D \box_use:N \l_shipout_box 
                                                  
l.172 \newpage
               <./LUNAR3.png>]
<DBSCAN4.png, id=171, 1032.85875pt x 936.49875pt>
File: DBSCAN4.png Graphic file (type png)
<use DBSCAN4.png>
Package pdftex.def Info: DBSCAN4.png  used on input line 178.
(pdftex.def)             Requested size: 455.24408pt x 412.7752pt.
<LOF4.png, id=172, 1000.73875pt x 936.49875pt>
File: LOF4.png Graphic file (type png)
<use LOF4.png>
Package pdftex.def Info: LOF4.png  used on input line 185.
(pdftex.def)             Requested size: 455.24408pt x 426.02185pt.
<COF4.png, id=173, 1041.8925pt x 514.92375pt>
File: COF4.png Graphic file (type png)
<use COF4.png>
Package pdftex.def Info: COF4.png  used on input line 192.
(pdftex.def)             Requested size: 455.24408pt x 224.98787pt.
 [16pdfTeX warning (ext4): destination with the same identifier (name{figure.13}) has been already used, duplicate ignored
<argument> ...shipout:D \box_use:N \l_shipout_box 
                                                  
l.196 \end{figure}
                   <./DBSCAN4.png>]
<LUNAR4.png, id=179, 1012.78375pt x 936.49875pt>
File: LUNAR4.png Graphic file (type png)
<use LUNAR4.png>
Package pdftex.def Info: LUNAR4.png  used on input line 199.
(pdftex.def)             Requested size: 455.24408pt x 420.94897pt.
 [17pdfTeX warning (ext4): destination with the same identifier (name{figure.14}) has been already used, duplicate ignored
<argument> ...shipout:D \box_use:N \l_shipout_box 
                                                  
l.203 \end{figure}
                   <./LOF4.png>] [18pdfTeX warning (ext4): destination with the same identifier (name{figure.15}) has been already used, duplicate ignored
<argument> ...shipout:D \box_use:N \l_shipout_box 
                                                  
l.204 
       <./COF4.png>] [19pdfTeX warning (ext4): destination with the same identifier (name{figure.16}) has been already used, duplicate ignored
<argument> ...shipout:D \box_use:N \l_shipout_box 
                                                  
l.205 \newpage
               <./LUNAR4.png>] [20] (Zadanie3.aux)
Package rerunfilecheck Info: File `Zadanie3.out' has not changed.
(rerunfilecheck)             Checksum: FB1F2E70D74E1C664B62B3D143E01F1D;2339.
 ) 
Here is how much of TeX's memory you used:
 8886 strings out of 479334
 127217 string characters out of 2873603
 427535 words of memory out of 3000000
 26145 multiletter control sequences out of 15000+200000
 417502 words of font info for 66 fonts, out of 3000000 for 9000
 1141 hyphenation exceptions out of 8191
 71i,6n,74p,652b,349s stack positions out of 5000i,500n,10000p,200000b,50000s
 <C:\Users\Admin\AppData\Local\MiKTeX\fonts/pk/ljfour/jknappen/ec/dpi600\ectt1200.pk> <C:\Users\Admin\AppData\Local\MiKTeX\fonts/pk/ljfour/jknappen/ec/dpi600\tcrm1200.pk> <C:\Users\Admin\AppData\Local\MiKTeX\fonts/pk/ljfour/jknappen/ec/dpi600\ecbx1200.pk> <C:\Users\Admin\AppData\Local\MiKTeX\fonts/pk/ljfour/jknappen/ec/dpi600\ecbx1440.pk> <C:\Users\Admin\AppData\Local\MiKTeX\fonts/pk/ljfour/jknappen/ec/dpi600\ecrm1200.pk> <C:\Users\Admin\AppData\Local\MiKTeX\fonts/pk/ljfour/jknappen/ec/dpi600\ecbx1728.pk> <C:\Users\Admin\AppData\Local\MiKTeX\fonts/pk/ljfour/jknappen/ec/dpi600\ecrm1440.pk> <C:\Users\Admin\AppData\Local\MiKTeX\fonts/pk/ljfour/jknappen/ec/dpi600\ecrm2074.pk> <C:\Users\Admin\AppData\Local\MiKTeX\fonts/pk/ljfour/jknappen/ec/dpi600\ecbx2074.pk><E:/MikTeX/fonts/type1/public/amsfonts/cm/cmmi12.pfb>
Output written on Zadanie3.pdf (21 pages, 1244284 bytes).
PDF statistics:
 503 PDF objects out of 1000 (max. 8388607)
 56 named destinations out of 1000 (max. 500000)
 209 words of extra memory for PDF output out of 10000 (max. 10000000)

